[debug] [2021-06-22T12:04:46.324Z] ----------------------------------------------------------------------
[debug] [2021-06-22T12:04:46.350Z] Command:       C:\Program Files\nodejs\node.exe C:\Users\Muhammad\AppData\Roaming\npm\node_modules\firebase-tools\lib\bin\firebase.js init
[debug] [2021-06-22T12:04:46.352Z] CLI Version:   9.13.0
[debug] [2021-06-22T12:04:46.352Z] Platform:      win32
[debug] [2021-06-22T12:04:46.353Z] Node Version:  v16.3.0
[debug] [2021-06-22T12:04:46.760Z] Time:          Tue Jun 22 2021 05:04:46 GMT-0700 (Pacific Daylight Time)
[debug] [2021-06-22T12:04:46.762Z] ----------------------------------------------------------------------
[debug] 
[debug] [2021-06-22T12:04:46.795Z] >>> [apiv2][query] GET https://firebase-public.firebaseio.com/cli.json [none]
[debug] [2021-06-22T12:04:46.957Z] > command requires scopes: ["email","openid","https://www.googleapis.com/auth/cloudplatformprojects.readonly","https://www.googleapis.com/auth/firebase","https://www.googleapis.com/auth/cloud-platform"]
[debug] [2021-06-22T12:04:46.958Z] > authorizing via signed-in user (hassamshaikh94@gmail.com)
[info] 
     ######## #### ########  ######## ########     ###     ######  ########
     ##        ##  ##     ## ##       ##     ##  ##   ##  ##       ##
     ######    ##  ########  ######   ########  #########  ######  ######
     ##        ##  ##    ##  ##       ##     ## ##     ##       ## ##
     ##       #### ##     ## ######## ########  ##     ##  ######  ########

You're about to initialize a Firebase project in this directory:

  D:\react native\Restaurant app

[debug] [2021-06-22T12:04:48.029Z] <<< [apiv2][status] GET https://firebase-public.firebaseio.com/cli.json 200
[debug] [2021-06-22T12:04:48.031Z] <<< [apiv2][body] GET https://firebase-public.firebaseio.com/cli.json {"cloudBuildErrorAfter":1594252800000,"cloudBuildWarnAfter":1590019200000,"defaultNode10After":1594252800000,"minVersion":"3.0.5","node8DeploysDisabledAfter":1613390400000,"node8RuntimeDisabledAfter":1615809600000,"node8WarnAfter":1600128000000}
[info] 
=== Project Setup
[info] 
[info] First, let's associate this project directory with a Firebase project.
[info] You can create multiple project aliases by running firebase use --add, 
[info] but for now we'll just set up a default project.
[info] 
